<?xml version='1.0' encoding='UTF-8'?>
<testsuite hostname="mons-macbook.local" name="GenSpec" tests="7" errors="0" failures="0" skipped="0" time="0.027" timestamp="2023-12-18T20:59:43">
          <properties>
[...]
</properties>
          <testcase classname="GenSpec" name="between" time="0.021">
                      
                    </testcase><testcase classname="GenSpec" name="lowercase" time="0.0">
                      
                    </testcase><testcase classname="GenSpec" name="uppercase" time="0.001">
                      
                    </testcase><testcase classname="GenSpec" name="lower and upper case" time="0.001">
                      
                    </testcase><testcase classname="GenSpec" name="list of length" time="0.001">
                      
                    </testcase><testcase classname="GenSpec" name="list" time="0.001">
                      
                    </testcase><testcase classname="GenSpec" name="user" time="0.002">
                      
                    </testcase>
          <system-out><![CDATA[]]></system-out>
          <system-err><![CDATA[]]></system-err>
        </testsuite>